<?xml version="1.0" encoding="UTF-8"?>
<!-- Generated by org.testng.reporters.JUnitXMLReporter -->
<testsuite ignored="0" hostname="LAPTOP-H8L9GDQJ" failures="0" tests="3" name="Default test" time="99.58" errors="0" timestamp="2025-07-10T23:27:59 IST">
  <testcase classname="tests.CreateAccountTest" name="verifyAccountCreation" time="13.144"/>
  <testcase classname="tests.CreateAccountTest" name="verifyAccountCreation" time="29.939"/>
  <testcase classname="tests.CreateAccountTest" name="verifyAccountCreation" time="46.404"/>
</testsuite> <!-- Default test -->
