<?xml version="1.0" encoding="UTF-8"?>
<!-- Generated by org.testng.reporters.JUnitXMLReporter -->
<testsuite ignored="1" hostname="LAPTOP-H8L9GDQJ" failures="0" tests="3" name="Default test" time="70.261" errors="0" timestamp="2025-07-23T17:44:43 IST">
  <testcase classname="testCases.LoginTest" name="testValidLogin" time="37.558"/>
  <testcase classname="testCases.LoginTest" name="testValidLogin" time="13.585"/>
  <testcase classname="testCases.LoginTest" name="testValidLogin" time="9.622"/>
  <testcase classname="testCases.LoginTest" name="testValidLoginAfterCreatingAccount" time="0.0">
    <ignored/>
  </testcase> <!-- testValidLoginAfterCreatingAccount -->
</testsuite> <!-- Default test -->
