<?xml version="1.0" encoding="UTF-8"?>
<testng-results ignored="0" total="3" passed="3" failed="0" skipped="0">
  <reporter-output>
  </reporter-output>
  <suite started-at="2025-07-10T23:59:22 IST" name="Ecommerce Account Suite" finished-at="2025-07-11T00:01:38 IST" duration-ms="135282">
    <groups>
    </groups>
    <test started-at="2025-07-10T23:59:22 IST" name="Account Creation" finished-at="2025-07-11T00:01:38 IST" duration-ms="135282">
      <class name="tests.CreateAccountTest">
        <test-method is-config="true" signature="setUp()[pri:0, instance:tests.CreateAccountTest@2dc54ad4]" started-at="2025-07-10T23:59:22 IST" name="setUp" finished-at="2025-07-10T23:59:24 IST" duration-ms="1695" status="PASS">
          <reporter-output>
          </reporter-output>
        </test-method> <!-- setUp -->
        <test-method signature="verifyAccountCreation(java.lang.String,java.lang.String,java.lang.String,java.lang.String)[pri:0, instance:tests.CreateAccountTest@2dc54ad4]" started-at="2025-07-10T23:59:24 IST" name="verifyAccountCreation" description="Validate account creation" data-provider="accountData" finished-at="2025-07-10T23:59:31 IST" duration-ms="6561" status="PASS">
          <params>
            <param index="0">
              <value>
                <![CDATA[John]]>
              </value>
            </param>
            <param index="1">
              <value>
                <![CDATA[Doe]]>
              </value>
            </param>
            <param index="2">
              <value>
                <![CDATA[john.doe3d6f6@test.com]]>
              </value>
            </param>
            <param index="3">
              <value>
                <![CDATA[Pass@12345]]>
              </value>
            </param>
          </params>
          <reporter-output>
          </reporter-output>
        </test-method> <!-- verifyAccountCreation -->
        <test-method is-config="true" signature="tearDown()[pri:0, instance:tests.CreateAccountTest@2dc54ad4]" started-at="2025-07-10T23:59:31 IST" name="tearDown" finished-at="2025-07-10T23:59:31 IST" duration-ms="495" status="PASS">
          <reporter-output>
          </reporter-output>
        </test-method> <!-- tearDown -->
        <test-method is-config="true" signature="setUp()[pri:0, instance:tests.CreateAccountTest@2dc54ad4]" started-at="2025-07-10T23:59:31 IST" name="setUp" finished-at="2025-07-10T23:59:32 IST" duration-ms="1112" status="PASS">
          <reporter-output>
          </reporter-output>
        </test-method> <!-- setUp -->
        <test-method signature="verifyAccountCreation(java.lang.String,java.lang.String,java.lang.String,java.lang.String)[pri:0, instance:tests.CreateAccountTest@2dc54ad4]" started-at="2025-07-10T23:59:32 IST" name="verifyAccountCreation" description="Validate account creation" data-provider="accountData" finished-at="2025-07-11T00:00:43 IST" duration-ms="70603" status="PASS">
          <params>
            <param index="0">
              <value>
                <![CDATA[Jane]]>
              </value>
            </param>
            <param index="1">
              <value>
                <![CDATA[Smith]]>
              </value>
            </param>
            <param index="2">
              <value>
                <![CDATA[jane.smithf585d@test.com]]>
              </value>
            </param>
            <param index="3">
              <value>
                <![CDATA[Pass@12345]]>
              </value>
            </param>
          </params>
          <reporter-output>
          </reporter-output>
        </test-method> <!-- verifyAccountCreation -->
        <test-method is-config="true" signature="tearDown()[pri:0, instance:tests.CreateAccountTest@2dc54ad4]" started-at="2025-07-11T00:00:43 IST" name="tearDown" finished-at="2025-07-11T00:00:44 IST" duration-ms="560" status="PASS">
          <reporter-output>
          </reporter-output>
        </test-method> <!-- tearDown -->
        <test-method is-config="true" signature="setUp()[pri:0, instance:tests.CreateAccountTest@2dc54ad4]" started-at="2025-07-11T00:00:44 IST" name="setUp" finished-at="2025-07-11T00:00:45 IST" duration-ms="1202" status="PASS">
          <reporter-output>
          </reporter-output>
        </test-method> <!-- setUp -->
        <test-method signature="verifyAccountCreation(java.lang.String,java.lang.String,java.lang.String,java.lang.String)[pri:0, instance:tests.CreateAccountTest@2dc54ad4]" started-at="2025-07-11T00:00:45 IST" name="verifyAccountCreation" description="Validate account creation" data-provider="accountData" finished-at="2025-07-11T00:01:37 IST" duration-ms="52148" status="PASS">
          <params>
            <param index="0">
              <value>
                <![CDATA[Alice]]>
              </value>
            </param>
            <param index="1">
              <value>
                <![CDATA[Walker]]>
              </value>
            </param>
            <param index="2">
              <value>
                <![CDATA[alice.walkere5b66@test.com]]>
              </value>
            </param>
            <param index="3">
              <value>
                <![CDATA[Pass@12345]]>
              </value>
            </param>
          </params>
          <reporter-output>
          </reporter-output>
        </test-method> <!-- verifyAccountCreation -->
        <test-method is-config="true" signature="tearDown()[pri:0, instance:tests.CreateAccountTest@2dc54ad4]" started-at="2025-07-11T00:01:37 IST" name="tearDown" finished-at="2025-07-11T00:01:38 IST" duration-ms="656" status="PASS">
          <reporter-output>
          </reporter-output>
        </test-method> <!-- tearDown -->
      </class> <!-- tests.CreateAccountTest -->
    </test> <!-- Account Creation -->
  </suite> <!-- Ecommerce Account Suite -->
</testng-results>
