<?xml version="1.0" encoding="UTF-8"?>
<testsuite xmlns:xsi="http://www.w3.org/2001/XMLSchema-instance" xsi:noNamespaceSchemaLocation="https://maven.apache.org/surefire/maven-surefire-plugin/xsd/surefire-test-report-3.0.xsd" version="3.0" name="TestSuite" time="136.126" tests="3" errors="0" skipped="0" failures="0">
  <properties>
[...]
</properties>
  <testcase name="verifyAccountCreation[John, Doe, john.doe3d6f6@test.com, Pass@12345](1)" classname="tests.CreateAccountTest" time="6.616">
    <system-err><![CDATA[SLF4J: Failed to load class "org.slf4j.impl.StaticLoggerBinder".
SLF4J: Defaulting to no-operation (NOP) logger implementation
SLF4J: See http://www.slf4j.org/codes.html#StaticLoggerBinder for further details.
]]></system-err>
  </testcase>
  <testcase name="verifyAccountCreation[Jane, Smith, jane.smithf585d@test.com, Pass@12345](2)" classname="tests.CreateAccountTest" time="70.607"/>
  <testcase name="verifyAccountCreation[Alice, Walker, alice.walkere5b66@test.com, Pass@12345](3)" classname="tests.CreateAccountTest" time="52.15"/>
</testsuite>