<?xml version="1.0" encoding="UTF-8"?>
<testng-results ignored="0" total="1" passed="0" failed="1" skipped="0">
  <reporter-output>
  </reporter-output>
  <suite started-at="2025-07-13T01:30:22 IST" name="Default suite" finished-at="2025-07-13T01:30:22 IST" duration-ms="187">
    <groups>
    </groups>
    <test started-at="2025-07-13T01:30:22 IST" name="Default test" finished-at="2025-07-13T01:30:22 IST" duration-ms="187">
      <class name="testCases.CreateAccountTest">
        <test-method signature="testNegativeAccountCreation(java.lang.String,models.UserModel,java.util.List)[pri:0, instance:testCases.CreateAccountTest@2c78d320]" started-at="2025-07-13T01:30:22 IST" name="testNegativeAccountCreation" description="Verify error messages for invalid user registration inputs" data-provider="invalidUserData" finished-at="2025-07-13T01:30:22 IST" duration-ms="20" status="FAIL">
          <exception class="org.testng.internal.reflect.MethodMatcherException">
            <message>
              <![CDATA[
[public void testCases.CreateAccountTest.testNegativeAccountCreation(java.lang.String,models.UserModel,java.util.List)] has no parameters defined but was found to be using a data provider (either explicitly specified or inherited from class level annotation).
Data provider mismatch
Method: testNegativeAccountCreation([java.lang.String arg0, models.UserModel arg1, java.util.List<java.lang.String> arg2])
Arguments: [(models.UserModel)   (),(java.util.ImmutableCollections$List12) [This is a required field.]]]]>
            </message>
            <full-stacktrace>
              <![CDATA[org.testng.internal.reflect.MethodMatcherException: 
[public void testCases.CreateAccountTest.testNegativeAccountCreation(java.lang.String,models.UserModel,java.util.List)] has no parameters defined but was found to be using a data provider (either explicitly specified or inherited from class level annotation).
Data provider mismatch
Method: testNegativeAccountCreation([java.lang.String arg0, models.UserModel arg1, java.util.List<java.lang.String> arg2])
Arguments: [(models.UserModel)   (),(java.util.ImmutableCollections$List12) [This is a required field.]]
at org.testng.internal.reflect.DataProviderMethodMatcher.getConformingArguments(DataProviderMethodMatcher.java:46)
at org.testng.internal.Parameters.injectParameters(Parameters.java:918)
at org.testng.internal.invokers.MethodRunner.runInSequence(MethodRunner.java:50)
at org.testng.internal.invokers.TestInvoker$MethodInvocationAgent.invoke(TestInvoker.java:961)
at org.testng.internal.invokers.TestInvoker.invokeTestMethods(TestInvoker.java:201)
at org.testng.internal.invokers.TestMethodWorker.invokeTestMethods(TestMethodWorker.java:148)
at org.testng.internal.invokers.TestMethodWorker.run(TestMethodWorker.java:128)
at java.base/java.util.ArrayList.forEach(ArrayList.java:1511)
at org.testng.TestRunner.privateRun(TestRunner.java:819)
at org.testng.TestRunner.run(TestRunner.java:619)
at org.testng.SuiteRunner.runTest(SuiteRunner.java:443)
at org.testng.SuiteRunner.runSequentially(SuiteRunner.java:437)
at org.testng.SuiteRunner.privateRun(SuiteRunner.java:397)
at org.testng.SuiteRunner.run(SuiteRunner.java:336)
at org.testng.SuiteRunnerWorker.runSuite(SuiteRunnerWorker.java:52)
at org.testng.SuiteRunnerWorker.run(SuiteRunnerWorker.java:95)
at org.testng.TestNG.runSuitesSequentially(TestNG.java:1301)
at org.testng.TestNG.runSuitesLocally(TestNG.java:1228)
at org.testng.TestNG.runSuites(TestNG.java:1134)
at org.testng.TestNG.run(TestNG.java:1101)
at org.testng.remote.AbstractRemoteTestNG.run(AbstractRemoteTestNG.java:115)
at org.testng.remote.RemoteTestNG.initAndRun(RemoteTestNG.java:251)
at org.testng.remote.RemoteTestNG.main(RemoteTestNG.java:77)
]]>
            </full-stacktrace>
          </exception> <!-- org.testng.internal.reflect.MethodMatcherException -->
          <reporter-output>
          </reporter-output>
        </test-method> <!-- testNegativeAccountCreation -->
      </class> <!-- testCases.CreateAccountTest -->
    </test> <!-- Default test -->
  </suite> <!-- Default suite -->
</testng-results>
