<?xml version="1.0" encoding="UTF-8"?>
<testng-results ignored="0" total="3" passed="3" failed="0" skipped="0">
  <reporter-output>
  </reporter-output>
  <suite started-at="2025-07-23T17:43:33 IST" name="Default suite" finished-at="2025-07-23T17:44:43 IST" duration-ms="70261">
    <groups>
    </groups>
    <test started-at="2025-07-23T17:43:33 IST" name="Default test" finished-at="2025-07-23T17:44:43 IST" duration-ms="70261">
      <class name="testCases.LoginTest">
        <test-method is-config="true" signature="cleanAllureFolder()[pri:0, instance:testCases.LoginTest@61544ae6]" started-at="2025-07-23T17:43:33 IST" name="cleanAllureFolder" finished-at="2025-07-23T17:43:33 IST" duration-ms="68" status="PASS">
          <reporter-output>
          </reporter-output>
        </test-method> <!-- cleanAllureFolder -->
        <test-method is-config="true" signature="setUp(org.testng.ITestResult)[pri:0, instance:testCases.LoginTest@61544ae6]" started-at="2025-07-23T17:43:33 IST" name="setUp" finished-at="2025-07-23T17:43:37 IST" duration-ms="3404" status="PASS">
          <params>
            <param index="0">
              <value>
                <![CDATA[[TestResult name={null} status=CREATED method=LoginTest.testValidLogin(java.lang.String,java.lang.String,java.lang.String)[pri:0, instance:testCases.LoginTest@61544ae6] output={null}]]]>
              </value>
            </param>
          </params>
          <reporter-output>
          </reporter-output>
        </test-method> <!-- setUp -->
        <test-method signature="testValidLogin(java.lang.String,java.lang.String,java.lang.String)[pri:0, instance:testCases.LoginTest@61544ae6]" started-at="2025-07-23T17:43:37 IST" name="testValidLogin" description="Validate Login credential" data-provider="verifyLoginAccountData" finished-at="2025-07-23T17:44:14 IST" duration-ms="37558" status="PASS">
          <params>
            <param index="0">
              <value>
                <![CDATA[Login With Valid Details For Person: Mishra]]>
              </value>
            </param>
            <param index="1">
              <value>
                <![CDATA[mishra654@gmail.com]]>
              </value>
            </param>
            <param index="2">
              <value>
                <![CDATA[Chiku@12345]]>
              </value>
            </param>
          </params>
          <reporter-output>
          </reporter-output>
        </test-method> <!-- testValidLogin -->
        <test-method is-config="true" signature="tearDown(org.testng.ITestResult)[pri:0, instance:testCases.LoginTest@61544ae6]" started-at="2025-07-23T17:44:14 IST" name="tearDown" finished-at="2025-07-23T17:44:15 IST" duration-ms="1053" status="PASS">
          <params>
            <param index="0">
              <value>
                <![CDATA[[TestResult name=testValidLogin status=SUCCESS method=LoginTest.testValidLogin(java.lang.String,java.lang.String,java.lang.String)[pri:0, instance:testCases.LoginTest@61544ae6] output={null}]]]>
              </value>
            </param>
          </params>
          <reporter-output>
          </reporter-output>
        </test-method> <!-- tearDown -->
        <test-method is-config="true" signature="setUp(org.testng.ITestResult)[pri:0, instance:testCases.LoginTest@61544ae6]" started-at="2025-07-23T17:44:15 IST" name="setUp" finished-at="2025-07-23T17:44:17 IST" duration-ms="1463" status="PASS">
          <params>
            <param index="0">
              <value>
                <![CDATA[[TestResult name={null} status=CREATED method=LoginTest.testValidLogin(java.lang.String,java.lang.String,java.lang.String)[pri:0, instance:testCases.LoginTest@61544ae6] output={null}]]]>
              </value>
            </param>
          </params>
          <reporter-output>
          </reporter-output>
        </test-method> <!-- setUp -->
        <test-method signature="testValidLogin(java.lang.String,java.lang.String,java.lang.String)[pri:0, instance:testCases.LoginTest@61544ae6]" started-at="2025-07-23T17:44:17 IST" name="testValidLogin" description="Validate Login credential" data-provider="verifyLoginAccountData" finished-at="2025-07-23T17:44:30 IST" duration-ms="13585" status="PASS">
          <params>
            <param index="0">
              <value>
                <![CDATA[Login With Valid Details For Person: Deepansh]]>
              </value>
            </param>
            <param index="1">
              <value>
                <![CDATA[deepu12@gmail.com]]>
              </value>
            </param>
            <param index="2">
              <value>
                <![CDATA[Deep@12345]]>
              </value>
            </param>
          </params>
          <reporter-output>
          </reporter-output>
        </test-method> <!-- testValidLogin -->
        <test-method is-config="true" signature="tearDown(org.testng.ITestResult)[pri:0, instance:testCases.LoginTest@61544ae6]" started-at="2025-07-23T17:44:30 IST" name="tearDown" finished-at="2025-07-23T17:44:31 IST" duration-ms="1009" status="PASS">
          <params>
            <param index="0">
              <value>
                <![CDATA[[TestResult name=testValidLogin status=SUCCESS method=LoginTest.testValidLogin(java.lang.String,java.lang.String,java.lang.String)[pri:0, instance:testCases.LoginTest@61544ae6] output={null}]]]>
              </value>
            </param>
          </params>
          <reporter-output>
          </reporter-output>
        </test-method> <!-- tearDown -->
        <test-method is-config="true" signature="setUp(org.testng.ITestResult)[pri:0, instance:testCases.LoginTest@61544ae6]" started-at="2025-07-23T17:44:31 IST" name="setUp" finished-at="2025-07-23T17:44:33 IST" duration-ms="1505" status="PASS">
          <params>
            <param index="0">
              <value>
                <![CDATA[[TestResult name={null} status=CREATED method=LoginTest.testValidLogin(java.lang.String,java.lang.String,java.lang.String)[pri:0, instance:testCases.LoginTest@61544ae6] output={null}]]]>
              </value>
            </param>
          </params>
          <reporter-output>
          </reporter-output>
        </test-method> <!-- setUp -->
        <test-method signature="testValidLogin(java.lang.String,java.lang.String,java.lang.String)[pri:0, instance:testCases.LoginTest@61544ae6]" started-at="2025-07-23T17:44:33 IST" name="testValidLogin" description="Validate Login credential" data-provider="verifyLoginAccountData" finished-at="2025-07-23T17:44:43 IST" duration-ms="9622" status="PASS">
          <params>
            <param index="0">
              <value>
                <![CDATA[Login With Valid Details For Person: Anshul]]>
              </value>
            </param>
            <param index="1">
              <value>
                <![CDATA[ans123@gmail.com]]>
              </value>
            </param>
            <param index="2">
              <value>
                <![CDATA[Anshul@12345]]>
              </value>
            </param>
          </params>
          <reporter-output>
          </reporter-output>
        </test-method> <!-- testValidLogin -->
        <test-method is-config="true" signature="tearDown(org.testng.ITestResult)[pri:0, instance:testCases.LoginTest@61544ae6]" started-at="2025-07-23T17:44:43 IST" name="tearDown" finished-at="2025-07-23T17:44:43 IST" duration-ms="670" status="PASS">
          <params>
            <param index="0">
              <value>
                <![CDATA[[TestResult name=testValidLogin status=SUCCESS method=LoginTest.testValidLogin(java.lang.String,java.lang.String,java.lang.String)[pri:0, instance:testCases.LoginTest@61544ae6] output={null}]]]>
              </value>
            </param>
          </params>
          <reporter-output>
          </reporter-output>
        </test-method> <!-- tearDown -->
      </class> <!-- testCases.LoginTest -->
    </test> <!-- Default test -->
  </suite> <!-- Default suite -->
</testng-results>
